<?xml version="1.0" encoding="UTF-8"?>
<testng-results ignored="0" total="1" passed="1" failed="0" skipped="0">
  <reporter-output>
  </reporter-output>
  <suite started-at="2025-02-11T18:03:43 AST" name="Default suite" finished-at="2025-02-11T18:03:51 AST" duration-ms="8576">
    <groups>
    </groups>
    <test started-at="2025-02-11T18:03:43 AST" name="Default test" finished-at="2025-02-11T18:03:51 AST" duration-ms="8576">
      <class name="com.google.testscripts.TestHelper">
        <test-method is-config="true" signature="beforeMethod()[pri:0, instance:com.google.testscripts.TestHelper@75437611]" started-at="2025-02-11T18:03:43 AST" name="beforeMethod" finished-at="2025-02-11T18:03:51 AST" duration-ms="8468" status="PASS">
          <reporter-output>
          </reporter-output>
        </test-method> <!-- beforeMethod -->
        <test-method signature="f()[pri:0, instance:com.google.testscripts.TestHelper@75437611]" started-at="2025-02-11T18:03:51 AST" name="f" finished-at="2025-02-11T18:03:51 AST" duration-ms="14" status="PASS">
          <reporter-output>
          </reporter-output>
        </test-method> <!-- f -->
        <test-method is-config="true" signature="afterMethod()[pri:0, instance:com.google.testscripts.TestHelper@75437611]" started-at="2025-02-11T18:03:51 AST" name="afterMethod" finished-at="2025-02-11T18:03:51 AST" duration-ms="1" status="PASS">
          <reporter-output>
          </reporter-output>
        </test-method> <!-- afterMethod -->
      </class> <!-- com.google.testscripts.TestHelper -->
    </test> <!-- Default test -->
  </suite> <!-- Default suite -->
</testng-results>
